{"/home/vanboch/my_git/repos/SDC/images/newrelic.js": {"path":"/home/vanboch/my_git/repos/SDC/images/newrelic.js","statementMap":{"0":{"start":{"line":8,"column":0},"end":{"line":69,"column":1}}},"fnMap":{},"branchMap":{},"s":{"0":1},"f":{},"b":{},"_coverageSchema":"1a1c01bbd47fc00a2c39e90264f33305004495a9","hash":"edc3d299c3332684867e2b3b28fabc7665418381"}
,"/home/vanboch/my_git/repos/SDC/images/controller/index.js": {"path":"/home/vanboch/my_git/repos/SDC/images/controller/index.js","statementMap":{"0":{"start":{"line":1,"column":14},"end":{"line":1,"column":42}},"1":{"start":{"line":2,"column":19},"end":{"line":2,"column":57}},"2":{"start":{"line":3,"column":0},"end":{"line":60,"column":2}},"3":{"start":{"line":6,"column":6},"end":{"line":20,"column":11}},"4":{"start":{"line":7,"column":8},"end":{"line":19,"column":13}},"5":{"start":{"line":10,"column":12},"end":{"line":14,"column":14}},"6":{"start":{"line":11,"column":29},"end":{"line":11,"column":45}},"7":{"start":{"line":13,"column":14},"end":{"line":13,"column":38}},"8":{"start":{"line":15,"column":12},"end":{"line":15,"column":26}},"9":{"start":{"line":18,"column":12},"end":{"line":18,"column":24}},"10":{"start":{"line":25,"column":6},"end":{"line":29,"column":8}},"11":{"start":{"line":26,"column":8},"end":{"line":28,"column":32}},"12":{"start":{"line":27,"column":20},"end":{"line":27,"column":37}},"13":{"start":{"line":28,"column":20},"end":{"line":28,"column":31}},"14":{"start":{"line":34,"column":6},"end":{"line":39,"column":8}},"15":{"start":{"line":35,"column":8},"end":{"line":37,"column":32}},"16":{"start":{"line":36,"column":19},"end":{"line":36,"column":37}},"17":{"start":{"line":37,"column":20},"end":{"line":37,"column":31}},"18":{"start":{"line":44,"column":6},"end":{"line":48,"column":8}},"19":{"start":{"line":45,"column":8},"end":{"line":47,"column":33}},"20":{"start":{"line":46,"column":19},"end":{"line":46,"column":36}},"21":{"start":{"line":47,"column":20},"end":{"line":47,"column":32}},"22":{"start":{"line":53,"column":6},"end":{"line":57,"column":4}},"23":{"start":{"line":54,"column":6},"end":{"line":56,"column":30}},"24":{"start":{"line":55,"column":17},"end":{"line":55,"column":29}},"25":{"start":{"line":56,"column":18},"end":{"line":56,"column":29}}},"fnMap":{"0":{"name":"(anonymous_0)","decl":{"start":{"line":5,"column":19},"end":{"line":5,"column":20}},"loc":{"start":{"line":5,"column":31},"end":{"line":21,"column":5}},"line":5},"1":{"name":"(anonymous_1)","decl":{"start":{"line":6,"column":25},"end":{"line":6,"column":26}},"loc":{"start":{"line":6,"column":46},"end":{"line":20,"column":9}},"line":6},"2":{"name":"(anonymous_2)","decl":{"start":{"line":8,"column":16},"end":{"line":8,"column":17}},"loc":{"start":{"line":8,"column":28},"end":{"line":16,"column":11}},"line":8},"3":{"name":"(anonymous_3)","decl":{"start":{"line":10,"column":30},"end":{"line":10,"column":31}},"loc":{"start":{"line":10,"column":37},"end":{"line":14,"column":13}},"line":10},"4":{"name":"(anonymous_4)","decl":{"start":{"line":17,"column":17},"end":{"line":17,"column":18}},"loc":{"start":{"line":17,"column":26},"end":{"line":19,"column":11}},"line":17},"5":{"name":"(anonymous_5)","decl":{"start":{"line":24,"column":19},"end":{"line":24,"column":20}},"loc":{"start":{"line":24,"column":41},"end":{"line":30,"column":5}},"line":24},"6":{"name":"(anonymous_6)","decl":{"start":{"line":25,"column":25},"end":{"line":25,"column":26}},"loc":{"start":{"line":25,"column":46},"end":{"line":29,"column":7}},"line":25},"7":{"name":"(anonymous_7)","decl":{"start":{"line":27,"column":14},"end":{"line":27,"column":15}},"loc":{"start":{"line":27,"column":20},"end":{"line":27,"column":37}},"line":27},"8":{"name":"(anonymous_8)","decl":{"start":{"line":28,"column":15},"end":{"line":28,"column":16}},"loc":{"start":{"line":28,"column":20},"end":{"line":28,"column":31}},"line":28},"9":{"name":"(anonymous_9)","decl":{"start":{"line":33,"column":19},"end":{"line":33,"column":20}},"loc":{"start":{"line":33,"column":50},"end":{"line":40,"column":5}},"line":33},"10":{"name":"(anonymous_10)","decl":{"start":{"line":34,"column":25},"end":{"line":34,"column":26}},"loc":{"start":{"line":34,"column":46},"end":{"line":39,"column":7}},"line":34},"11":{"name":"(anonymous_11)","decl":{"start":{"line":36,"column":14},"end":{"line":36,"column":15}},"loc":{"start":{"line":36,"column":19},"end":{"line":36,"column":37}},"line":36},"12":{"name":"(anonymous_12)","decl":{"start":{"line":37,"column":15},"end":{"line":37,"column":16}},"loc":{"start":{"line":37,"column":20},"end":{"line":37,"column":31}},"line":37},"13":{"name":"(anonymous_13)","decl":{"start":{"line":43,"column":19},"end":{"line":43,"column":20}},"loc":{"start":{"line":43,"column":40},"end":{"line":49,"column":5}},"line":43},"14":{"name":"(anonymous_14)","decl":{"start":{"line":44,"column":25},"end":{"line":44,"column":26}},"loc":{"start":{"line":44,"column":46},"end":{"line":48,"column":7}},"line":44},"15":{"name":"(anonymous_15)","decl":{"start":{"line":46,"column":14},"end":{"line":46,"column":15}},"loc":{"start":{"line":46,"column":19},"end":{"line":46,"column":36}},"line":46},"16":{"name":"(anonymous_16)","decl":{"start":{"line":47,"column":15},"end":{"line":47,"column":16}},"loc":{"start":{"line":47,"column":20},"end":{"line":47,"column":32}},"line":47},"17":{"name":"(anonymous_17)","decl":{"start":{"line":52,"column":18},"end":{"line":52,"column":19}},"loc":{"start":{"line":52,"column":24},"end":{"line":58,"column":1}},"line":52},"18":{"name":"(anonymous_18)","decl":{"start":{"line":53,"column":25},"end":{"line":53,"column":26}},"loc":{"start":{"line":53,"column":46},"end":{"line":57,"column":3}},"line":53},"19":{"name":"(anonymous_19)","decl":{"start":{"line":55,"column":12},"end":{"line":55,"column":13}},"loc":{"start":{"line":55,"column":17},"end":{"line":55,"column":29}},"line":55},"20":{"name":"(anonymous_20)","decl":{"start":{"line":56,"column":13},"end":{"line":56,"column":14}},"loc":{"start":{"line":56,"column":18},"end":{"line":56,"column":29}},"line":56}},"branchMap":{},"s":{"0":1,"1":1,"2":1,"3":0,"4":0,"5":0,"6":0,"7":0,"8":0,"9":0,"10":0,"11":0,"12":0,"13":0,"14":0,"15":0,"16":0,"17":0,"18":0,"19":0,"20":0,"21":0,"22":0,"23":0,"24":0,"25":0},"f":{"0":0,"1":0,"2":0,"3":0,"4":0,"5":0,"6":0,"7":0,"8":0,"9":0,"10":0,"11":0,"12":0,"13":0,"14":0,"15":0,"16":0,"17":0,"18":0,"19":0,"20":0},"b":{},"_coverageSchema":"1a1c01bbd47fc00a2c39e90264f33305004495a9","hash":"f1c698227cedccb9f5d756e82b0ea09645221a70"}
,"/home/vanboch/my_git/repos/SDC/images/database/mongodb/index.js": {"path":"/home/vanboch/my_git/repos/SDC/images/database/mongodb/index.js","statementMap":{"0":{"start":{"line":3,"column":0},"end":{"line":3,"column":26}},"1":{"start":{"line":4,"column":0},"end":{"line":4,"column":31}},"2":{"start":{"line":5,"column":14},"end":{"line":5,"column":51}},"3":{"start":{"line":6,"column":0},"end":{"line":6,"column":76}},"4":{"start":{"line":7,"column":9},"end":{"line":7,"column":28}},"5":{"start":{"line":8,"column":0},"end":{"line":8,"column":73}},"6":{"start":{"line":9,"column":15},"end":{"line":9,"column":30}},"7":{"start":{"line":11,"column":15},"end":{"line":11,"column":88}},"8":{"start":{"line":12,"column":14},"end":{"line":12,"column":55}},"9":{"start":{"line":19,"column":2},"end":{"line":19,"column":24}}},"fnMap":{},"branchMap":{},"s":{"0":1,"1":1,"2":1,"3":1,"4":1,"5":1,"6":1,"7":1,"8":1,"9":1},"f":{},"b":{},"_coverageSchema":"1a1c01bbd47fc00a2c39e90264f33305004495a9","hash":"906851bce4e61f9112025e0b5ccffc0c56c3ea99"}
,"/home/vanboch/my_git/repos/SDC/images/database/s3/env.js": {"path":"/home/vanboch/my_git/repos/SDC/images/database/s3/env.js","statementMap":{"0":{"start":{"line":1,"column":13},"end":{"line":1,"column":24}},"1":{"start":{"line":3,"column":0},"end":{"line":3,"column":31}}},"fnMap":{},"branchMap":{},"s":{"0":1,"1":1},"f":{},"b":{},"_coverageSchema":"1a1c01bbd47fc00a2c39e90264f33305004495a9","hash":"4b7e5405644a98eb69e909f0c23799f270574302"}
,"/home/vanboch/my_git/repos/SDC/images/database/s3/s3_upload.js": {"path":"/home/vanboch/my_git/repos/SDC/images/database/s3/s3_upload.js","statementMap":{"0":{"start":{"line":1,"column":16},"end":{"line":1,"column":35}},"1":{"start":{"line":2,"column":11},"end":{"line":2,"column":24}},"2":{"start":{"line":3,"column":14},"end":{"line":3,"column":32}},"3":{"start":{"line":5,"column":10},"end":{"line":5,"column":28}},"4":{"start":{"line":7,"column":0},"end":{"line":7,"column":46}},"5":{"start":{"line":10,"column":0},"end":{"line":10,"column":44}},"6":{"start":{"line":26,"column":2},"end":{"line":41,"column":4}},"7":{"start":{"line":30,"column":6},"end":{"line":31,"column":36}},"8":{"start":{"line":31,"column":10},"end":{"line":31,"column":36}},"9":{"start":{"line":33,"column":6},"end":{"line":40,"column":19}},"10":{"start":{"line":45,"column":0},"end":{"line":45,"column":31}}},"fnMap":{"0":{"name":"putFromUrl","decl":{"start":{"line":25,"column":9},"end":{"line":25,"column":19}},"loc":{"start":{"line":25,"column":48},"end":{"line":42,"column":1}},"line":25},"1":{"name":"(anonymous_1)","decl":{"start":{"line":29,"column":5},"end":{"line":29,"column":6}},"loc":{"start":{"line":29,"column":30},"end":{"line":41,"column":3}},"line":29}},"branchMap":{"0":{"loc":{"start":{"line":30,"column":6},"end":{"line":31,"column":36}},"type":"if","locations":[{"start":{"line":30,"column":6},"end":{"line":31,"column":36}},{"start":{"line":30,"column":6},"end":{"line":31,"column":36}}],"line":30}},"s":{"0":1,"1":1,"2":1,"3":1,"4":1,"5":1,"6":0,"7":0,"8":0,"9":0,"10":1},"f":{"0":0,"1":0},"b":{"0":[0,0]},"_coverageSchema":"1a1c01bbd47fc00a2c39e90264f33305004495a9","hash":"9167bca22b5f702d739affc94365ebd0bf7b46ad"}
,"/home/vanboch/my_git/repos/SDC/images/model/index.js": {"path":"/home/vanboch/my_git/repos/SDC/images/model/index.js","statementMap":{"0":{"start":{"line":1,"column":17},"end":{"line":1,"column":56}},"1":{"start":{"line":4,"column":20},"end":{"line":8,"column":1}},"2":{"start":{"line":5,"column":2},"end":{"line":7,"column":4}},"3":{"start":{"line":10,"column":21},"end":{"line":16,"column":1}},"4":{"start":{"line":11,"column":13},"end":{"line":11,"column":24}},"5":{"start":{"line":12,"column":2},"end":{"line":12,"column":25}},"6":{"start":{"line":13,"column":2},"end":{"line":13,"column":20}},"7":{"start":{"line":14,"column":2},"end":{"line":14,"column":28}},"8":{"start":{"line":15,"column":1},"end":{"line":15,"column":20}},"9":{"start":{"line":18,"column":23},"end":{"line":20,"column":1}},"10":{"start":{"line":19,"column":2},"end":{"line":19,"column":97}},"11":{"start":{"line":22,"column":22},"end":{"line":27,"column":1}},"12":{"start":{"line":23,"column":2},"end":{"line":26,"column":4}},"13":{"start":{"line":29,"column":0},"end":{"line":34,"column":2}}},"fnMap":{"0":{"name":"(anonymous_0)","decl":{"start":{"line":4,"column":20},"end":{"line":4,"column":21}},"loc":{"start":{"line":4,"column":32},"end":{"line":8,"column":1}},"line":4},"1":{"name":"(anonymous_1)","decl":{"start":{"line":10,"column":21},"end":{"line":10,"column":22}},"loc":{"start":{"line":10,"column":43},"end":{"line":16,"column":1}},"line":10},"2":{"name":"(anonymous_2)","decl":{"start":{"line":18,"column":23},"end":{"line":18,"column":24}},"loc":{"start":{"line":18,"column":54},"end":{"line":20,"column":1}},"line":18},"3":{"name":"(anonymous_3)","decl":{"start":{"line":22,"column":22},"end":{"line":22,"column":23}},"loc":{"start":{"line":22,"column":43},"end":{"line":27,"column":1}},"line":22}},"branchMap":{},"s":{"0":1,"1":1,"2":0,"3":1,"4":0,"5":0,"6":0,"7":0,"8":0,"9":1,"10":0,"11":1,"12":0,"13":1},"f":{"0":0,"1":0,"2":0,"3":0},"b":{},"_coverageSchema":"1a1c01bbd47fc00a2c39e90264f33305004495a9","hash":"916366bf5038655050a11010a8e136891b5ea47f"}
,"/home/vanboch/my_git/repos/SDC/images/server/server.js": {"path":"/home/vanboch/my_git/repos/SDC/images/server/server.js","statementMap":{"0":{"start":{"line":1,"column":9},"end":{"line":1,"column":28}},"1":{"start":{"line":2,"column":16},"end":{"line":2,"column":34}},"2":{"start":{"line":3,"column":12},"end":{"line":3,"column":21}},"3":{"start":{"line":4,"column":19},"end":{"line":4,"column":52}},"4":{"start":{"line":5,"column":13},"end":{"line":5,"column":28}},"5":{"start":{"line":6,"column":13},"end":{"line":6,"column":17}},"6":{"start":{"line":7,"column":17},"end":{"line":7,"column":39}},"7":{"start":{"line":8,"column":17},"end":{"line":8,"column":34}},"8":{"start":{"line":9,"column":19},"end":{"line":9,"column":57}},"9":{"start":{"line":10,"column":0},"end":{"line":10,"column":34}},"10":{"start":{"line":12,"column":0},"end":{"line":23,"column":3}},"11":{"start":{"line":14,"column":16},"end":{"line":14,"column":35}},"12":{"start":{"line":15,"column":2},"end":{"line":22,"column":7}},"13":{"start":{"line":17,"column":6},"end":{"line":17,"column":23}},"14":{"start":{"line":18,"column":6},"end":{"line":18,"column":21}},"15":{"start":{"line":21,"column":6},"end":{"line":21,"column":26}},"16":{"start":{"line":25,"column":0},"end":{"line":36,"column":3}},"17":{"start":{"line":26,"column":16},"end":{"line":26,"column":35}},"18":{"start":{"line":27,"column":2},"end":{"line":35,"column":5}},"19":{"start":{"line":29,"column":4},"end":{"line":29,"column":21}},"20":{"start":{"line":30,"column":4},"end":{"line":30,"column":23}},"21":{"start":{"line":33,"column":4},"end":{"line":33,"column":20}},"22":{"start":{"line":34,"column":3},"end":{"line":34,"column":22}},"23":{"start":{"line":39,"column":0},"end":{"line":47,"column":3}},"24":{"start":{"line":40,"column":26},"end":{"line":40,"column":36}},"25":{"start":{"line":41,"column":2},"end":{"line":46,"column":4}},"26":{"start":{"line":43,"column":6},"end":{"line":43,"column":25}},"27":{"start":{"line":45,"column":6},"end":{"line":45,"column":25}},"28":{"start":{"line":49,"column":0},"end":{"line":56,"column":2}},"29":{"start":{"line":50,"column":26},"end":{"line":50,"column":36}},"30":{"start":{"line":51,"column":2},"end":{"line":55,"column":4}},"31":{"start":{"line":52,"column":4},"end":{"line":52,"column":24}},"32":{"start":{"line":54,"column":4},"end":{"line":54,"column":23}},"33":{"start":{"line":58,"column":0},"end":{"line":60,"column":3}},"34":{"start":{"line":59,"column":2},"end":{"line":59,"column":43}},"35":{"start":{"line":62,"column":0},"end":{"line":62,"column":21}}},"fnMap":{"0":{"name":"(anonymous_0)","decl":{"start":{"line":12,"column":37},"end":{"line":12,"column":38}},"loc":{"start":{"line":12,"column":51},"end":{"line":23,"column":1}},"line":12},"1":{"name":"(anonymous_1)","decl":{"start":{"line":16,"column":10},"end":{"line":16,"column":11}},"loc":{"start":{"line":16,"column":20},"end":{"line":19,"column":5}},"line":16},"2":{"name":"(anonymous_2)","decl":{"start":{"line":20,"column":11},"end":{"line":20,"column":12}},"loc":{"start":{"line":20,"column":20},"end":{"line":22,"column":5}},"line":20},"3":{"name":"(anonymous_3)","decl":{"start":{"line":25,"column":50},"end":{"line":25,"column":51}},"loc":{"start":{"line":25,"column":64},"end":{"line":36,"column":1}},"line":25},"4":{"name":"(anonymous_4)","decl":{"start":{"line":28,"column":8},"end":{"line":28,"column":9}},"loc":{"start":{"line":28,"column":18},"end":{"line":31,"column":5}},"line":28},"5":{"name":"(anonymous_5)","decl":{"start":{"line":32,"column":9},"end":{"line":32,"column":10}},"loc":{"start":{"line":32,"column":18},"end":{"line":35,"column":3}},"line":32},"6":{"name":"(anonymous_6)","decl":{"start":{"line":39,"column":58},"end":{"line":39,"column":59}},"loc":{"start":{"line":39,"column":69},"end":{"line":47,"column":1}},"line":39},"7":{"name":"(anonymous_7)","decl":{"start":{"line":42,"column":10},"end":{"line":42,"column":11}},"loc":{"start":{"line":42,"column":19},"end":{"line":44,"column":5}},"line":42},"8":{"name":"(anonymous_8)","decl":{"start":{"line":44,"column":13},"end":{"line":44,"column":14}},"loc":{"start":{"line":44,"column":21},"end":{"line":46,"column":3}},"line":44},"9":{"name":"(anonymous_9)","decl":{"start":{"line":49,"column":61},"end":{"line":49,"column":62}},"loc":{"start":{"line":49,"column":72},"end":{"line":56,"column":1}},"line":49},"10":{"name":"(anonymous_10)","decl":{"start":{"line":51,"column":56},"end":{"line":51,"column":57}},"loc":{"start":{"line":51,"column":65},"end":{"line":53,"column":3}},"line":51},"11":{"name":"(anonymous_11)","decl":{"start":{"line":53,"column":11},"end":{"line":53,"column":12}},"loc":{"start":{"line":53,"column":19},"end":{"line":55,"column":3}},"line":53},"12":{"name":"(anonymous_12)","decl":{"start":{"line":58,"column":17},"end":{"line":58,"column":18}},"loc":{"start":{"line":58,"column":23},"end":{"line":60,"column":1}},"line":58}},"branchMap":{},"s":{"0":1,"1":1,"2":1,"3":1,"4":1,"5":1,"6":1,"7":1,"8":1,"9":1,"10":1,"11":0,"12":0,"13":0,"14":0,"15":0,"16":1,"17":0,"18":0,"19":0,"20":0,"21":0,"22":0,"23":1,"24":0,"25":0,"26":0,"27":0,"28":1,"29":0,"30":0,"31":0,"32":0,"33":1,"34":0,"35":1},"f":{"0":0,"1":0,"2":0,"3":0,"4":0,"5":0,"6":0,"7":0,"8":0,"9":0,"10":0,"11":0,"12":0},"b":{},"_coverageSchema":"1a1c01bbd47fc00a2c39e90264f33305004495a9","hash":"dc2ec93a9686782ce6424a1107065aedefec7700"}
}
