{"/home/jvanboch/my_git/repos/SDC/somebirds-product-images/controller/index.js": {"path":"/home/jvanboch/my_git/repos/SDC/somebirds-product-images/controller/index.js","statementMap":{"0":{"start":{"line":1,"column":14},"end":{"line":1,"column":42}},"1":{"start":{"line":3,"column":0},"end":{"line":48,"column":2}},"2":{"start":{"line":6,"column":6},"end":{"line":17,"column":11}},"3":{"start":{"line":7,"column":8},"end":{"line":16,"column":13}},"4":{"start":{"line":9,"column":23},"end":{"line":11,"column":14}},"5":{"start":{"line":10,"column":14},"end":{"line":10,"column":47}},"6":{"start":{"line":12,"column":12},"end":{"line":12,"column":26}},"7":{"start":{"line":15,"column":12},"end":{"line":15,"column":24}},"8":{"start":{"line":22,"column":6},"end":{"line":26,"column":8}},"9":{"start":{"line":23,"column":8},"end":{"line":25,"column":32}},"10":{"start":{"line":24,"column":20},"end":{"line":24,"column":37}},"11":{"start":{"line":25,"column":20},"end":{"line":25,"column":31}},"12":{"start":{"line":31,"column":6},"end":{"line":36,"column":8}},"13":{"start":{"line":32,"column":8},"end":{"line":34,"column":32}},"14":{"start":{"line":33,"column":19},"end":{"line":33,"column":37}},"15":{"start":{"line":34,"column":20},"end":{"line":34,"column":31}},"16":{"start":{"line":41,"column":6},"end":{"line":45,"column":8}},"17":{"start":{"line":42,"column":8},"end":{"line":44,"column":33}},"18":{"start":{"line":43,"column":19},"end":{"line":43,"column":36}},"19":{"start":{"line":44,"column":20},"end":{"line":44,"column":32}}},"fnMap":{"0":{"name":"(anonymous_0)","decl":{"start":{"line":5,"column":19},"end":{"line":5,"column":20}},"loc":{"start":{"line":5,"column":31},"end":{"line":18,"column":5}},"line":5},"1":{"name":"(anonymous_1)","decl":{"start":{"line":6,"column":25},"end":{"line":6,"column":26}},"loc":{"start":{"line":6,"column":46},"end":{"line":17,"column":9}},"line":6},"2":{"name":"(anonymous_2)","decl":{"start":{"line":8,"column":16},"end":{"line":8,"column":17}},"loc":{"start":{"line":8,"column":28},"end":{"line":13,"column":11}},"line":8},"3":{"name":"(anonymous_3)","decl":{"start":{"line":9,"column":34},"end":{"line":9,"column":35}},"loc":{"start":{"line":9,"column":45},"end":{"line":11,"column":13}},"line":9},"4":{"name":"(anonymous_4)","decl":{"start":{"line":14,"column":17},"end":{"line":14,"column":18}},"loc":{"start":{"line":14,"column":26},"end":{"line":16,"column":11}},"line":14},"5":{"name":"(anonymous_5)","decl":{"start":{"line":21,"column":19},"end":{"line":21,"column":20}},"loc":{"start":{"line":21,"column":41},"end":{"line":27,"column":5}},"line":21},"6":{"name":"(anonymous_6)","decl":{"start":{"line":22,"column":25},"end":{"line":22,"column":26}},"loc":{"start":{"line":22,"column":46},"end":{"line":26,"column":7}},"line":22},"7":{"name":"(anonymous_7)","decl":{"start":{"line":24,"column":14},"end":{"line":24,"column":15}},"loc":{"start":{"line":24,"column":20},"end":{"line":24,"column":37}},"line":24},"8":{"name":"(anonymous_8)","decl":{"start":{"line":25,"column":15},"end":{"line":25,"column":16}},"loc":{"start":{"line":25,"column":20},"end":{"line":25,"column":31}},"line":25},"9":{"name":"(anonymous_9)","decl":{"start":{"line":30,"column":19},"end":{"line":30,"column":20}},"loc":{"start":{"line":30,"column":50},"end":{"line":37,"column":5}},"line":30},"10":{"name":"(anonymous_10)","decl":{"start":{"line":31,"column":25},"end":{"line":31,"column":26}},"loc":{"start":{"line":31,"column":46},"end":{"line":36,"column":7}},"line":31},"11":{"name":"(anonymous_11)","decl":{"start":{"line":33,"column":14},"end":{"line":33,"column":15}},"loc":{"start":{"line":33,"column":19},"end":{"line":33,"column":37}},"line":33},"12":{"name":"(anonymous_12)","decl":{"start":{"line":34,"column":15},"end":{"line":34,"column":16}},"loc":{"start":{"line":34,"column":20},"end":{"line":34,"column":31}},"line":34},"13":{"name":"(anonymous_13)","decl":{"start":{"line":40,"column":19},"end":{"line":40,"column":20}},"loc":{"start":{"line":40,"column":40},"end":{"line":46,"column":5}},"line":40},"14":{"name":"(anonymous_14)","decl":{"start":{"line":41,"column":25},"end":{"line":41,"column":26}},"loc":{"start":{"line":41,"column":46},"end":{"line":45,"column":7}},"line":41},"15":{"name":"(anonymous_15)","decl":{"start":{"line":43,"column":14},"end":{"line":43,"column":15}},"loc":{"start":{"line":43,"column":19},"end":{"line":43,"column":36}},"line":43},"16":{"name":"(anonymous_16)","decl":{"start":{"line":44,"column":15},"end":{"line":44,"column":16}},"loc":{"start":{"line":44,"column":20},"end":{"line":44,"column":32}},"line":44}},"branchMap":{},"s":{"0":1,"1":1,"2":2,"3":2,"4":2,"5":18,"6":2,"7":0,"8":1,"9":1,"10":1,"11":0,"12":1,"13":1,"14":0,"15":1,"16":0,"17":0,"18":0,"19":0},"f":{"0":2,"1":2,"2":2,"3":18,"4":0,"5":1,"6":1,"7":1,"8":0,"9":1,"10":1,"11":0,"12":1,"13":0,"14":0,"15":0,"16":0},"b":{},"_coverageSchema":"1a1c01bbd47fc00a2c39e90264f33305004495a9","hash":"9536fd6fc4c9821a7a923d1f654eb97a4fbf7943"}
,"/home/jvanboch/my_git/repos/SDC/somebirds-product-images/database/index.js": {"path":"/home/jvanboch/my_git/repos/SDC/somebirds-product-images/database/index.js","statementMap":{"0":{"start":{"line":1,"column":33},"end":{"line":1,"column":53}},"1":{"start":{"line":3,"column":18},"end":{"line":8,"column":2}},"2":{"start":{"line":11,"column":0},"end":{"line":17,"column":3}},"3":{"start":{"line":13,"column":2},"end":{"line":13,"column":63}},"4":{"start":{"line":16,"column":2},"end":{"line":16,"column":61}},"5":{"start":{"line":19,"column":14},"end":{"line":34,"column":24}},"6":{"start":{"line":36,"column":0},"end":{"line":38,"column":3}}},"fnMap":{"0":{"name":"(anonymous_0)","decl":{"start":{"line":12,"column":6},"end":{"line":12,"column":7}},"loc":{"start":{"line":12,"column":12},"end":{"line":14,"column":1}},"line":12},"1":{"name":"(anonymous_1)","decl":{"start":{"line":15,"column":7},"end":{"line":15,"column":8}},"loc":{"start":{"line":15,"column":18},"end":{"line":17,"column":1}},"line":15}},"branchMap":{},"s":{"0":1,"1":1,"2":1,"3":1,"4":0,"5":1,"6":1},"f":{"0":1,"1":0},"b":{},"_coverageSchema":"1a1c01bbd47fc00a2c39e90264f33305004495a9","hash":"0e900ba6686f0fc6ed3a6b9e1f978683863aaaae"}
,"/home/jvanboch/my_git/repos/SDC/somebirds-product-images/model/index.js": {"path":"/home/jvanboch/my_git/repos/SDC/somebirds-product-images/model/index.js","statementMap":{"0":{"start":{"line":1,"column":18},"end":{"line":1,"column":49}},"1":{"start":{"line":3,"column":20},"end":{"line":9,"column":1}},"2":{"start":{"line":4,"column":2},"end":{"line":8,"column":5}},"3":{"start":{"line":11,"column":21},"end":{"line":18,"column":1}},"4":{"start":{"line":12,"column":2},"end":{"line":12,"column":25}},"5":{"start":{"line":13,"column":2},"end":{"line":17,"column":4}},"6":{"start":{"line":19,"column":23},"end":{"line":31,"column":1}},"7":{"start":{"line":20,"column":2},"end":{"line":30,"column":4}},"8":{"start":{"line":27,"column":4},"end":{"line":29,"column":6}},"9":{"start":{"line":32,"column":22},"end":{"line":39,"column":1}},"10":{"start":{"line":33,"column":2},"end":{"line":38,"column":4}},"11":{"start":{"line":41,"column":0},"end":{"line":46,"column":2}}},"fnMap":{"0":{"name":"(anonymous_0)","decl":{"start":{"line":3,"column":20},"end":{"line":3,"column":21}},"loc":{"start":{"line":3,"column":32},"end":{"line":9,"column":1}},"line":3},"1":{"name":"(anonymous_1)","decl":{"start":{"line":11,"column":21},"end":{"line":11,"column":22}},"loc":{"start":{"line":11,"column":43},"end":{"line":18,"column":1}},"line":11},"2":{"name":"(anonymous_2)","decl":{"start":{"line":19,"column":23},"end":{"line":19,"column":24}},"loc":{"start":{"line":19,"column":54},"end":{"line":31,"column":1}},"line":19},"3":{"name":"(anonymous_3)","decl":{"start":{"line":26,"column":10},"end":{"line":26,"column":11}},"loc":{"start":{"line":26,"column":16},"end":{"line":30,"column":3}},"line":26},"4":{"name":"(anonymous_4)","decl":{"start":{"line":32,"column":22},"end":{"line":32,"column":23}},"loc":{"start":{"line":32,"column":43},"end":{"line":39,"column":1}},"line":32}},"branchMap":{},"s":{"0":1,"1":1,"2":2,"3":1,"4":1,"5":1,"6":1,"7":1,"8":1,"9":1,"10":0,"11":1},"f":{"0":2,"1":1,"2":1,"3":1,"4":0},"b":{},"_coverageSchema":"1a1c01bbd47fc00a2c39e90264f33305004495a9","hash":"f254c23ed99f7d1ac788ca40df7078dbc30459b9"}
,"/home/jvanboch/my_git/repos/SDC/somebirds-product-images/server/server.js": {"path":"/home/jvanboch/my_git/repos/SDC/somebirds-product-images/server/server.js","statementMap":{"0":{"start":{"line":1,"column":16},"end":{"line":1,"column":34}},"1":{"start":{"line":2,"column":12},"end":{"line":2,"column":21}},"2":{"start":{"line":3,"column":19},"end":{"line":3,"column":52}},"3":{"start":{"line":4,"column":13},"end":{"line":4,"column":28}},"4":{"start":{"line":5,"column":13},"end":{"line":5,"column":17}},"5":{"start":{"line":6,"column":17},"end":{"line":6,"column":39}},"6":{"start":{"line":7,"column":17},"end":{"line":7,"column":34}},"7":{"start":{"line":9,"column":0},"end":{"line":9,"column":34}},"8":{"start":{"line":11,"column":0},"end":{"line":20,"column":3}},"9":{"start":{"line":12,"column":19},"end":{"line":12,"column":29}},"10":{"start":{"line":13,"column":2},"end":{"line":19,"column":7}},"11":{"start":{"line":15,"column":6},"end":{"line":15,"column":21}},"12":{"start":{"line":18,"column":6},"end":{"line":18,"column":26}},"13":{"start":{"line":22,"column":0},"end":{"line":32,"column":3}},"14":{"start":{"line":23,"column":19},"end":{"line":23,"column":29}},"15":{"start":{"line":24,"column":2},"end":{"line":24,"column":31}},"16":{"start":{"line":25,"column":2},"end":{"line":31,"column":7}},"17":{"start":{"line":27,"column":6},"end":{"line":27,"column":25}},"18":{"start":{"line":30,"column":6},"end":{"line":30,"column":25}},"19":{"start":{"line":35,"column":0},"end":{"line":43,"column":3}},"20":{"start":{"line":36,"column":26},"end":{"line":36,"column":36}},"21":{"start":{"line":37,"column":2},"end":{"line":42,"column":4}},"22":{"start":{"line":39,"column":6},"end":{"line":39,"column":25}},"23":{"start":{"line":41,"column":6},"end":{"line":41,"column":25}},"24":{"start":{"line":45,"column":0},"end":{"line":52,"column":2}},"25":{"start":{"line":46,"column":26},"end":{"line":46,"column":36}},"26":{"start":{"line":47,"column":2},"end":{"line":51,"column":4}},"27":{"start":{"line":48,"column":4},"end":{"line":48,"column":24}},"28":{"start":{"line":50,"column":4},"end":{"line":50,"column":23}},"29":{"start":{"line":54,"column":0},"end":{"line":56,"column":3}},"30":{"start":{"line":55,"column":2},"end":{"line":55,"column":43}},"31":{"start":{"line":58,"column":0},"end":{"line":58,"column":21}}},"fnMap":{"0":{"name":"(anonymous_0)","decl":{"start":{"line":11,"column":37},"end":{"line":11,"column":38}},"loc":{"start":{"line":11,"column":51},"end":{"line":20,"column":1}},"line":11},"1":{"name":"(anonymous_1)","decl":{"start":{"line":14,"column":10},"end":{"line":14,"column":11}},"loc":{"start":{"line":14,"column":20},"end":{"line":16,"column":5}},"line":14},"2":{"name":"(anonymous_2)","decl":{"start":{"line":17,"column":11},"end":{"line":17,"column":12}},"loc":{"start":{"line":17,"column":20},"end":{"line":19,"column":5}},"line":17},"3":{"name":"(anonymous_3)","decl":{"start":{"line":22,"column":48},"end":{"line":22,"column":49}},"loc":{"start":{"line":22,"column":62},"end":{"line":32,"column":1}},"line":22},"4":{"name":"(anonymous_4)","decl":{"start":{"line":26,"column":12},"end":{"line":26,"column":13}},"loc":{"start":{"line":26,"column":22},"end":{"line":28,"column":7}},"line":26},"5":{"name":"(anonymous_5)","decl":{"start":{"line":29,"column":11},"end":{"line":29,"column":12}},"loc":{"start":{"line":29,"column":20},"end":{"line":31,"column":5}},"line":29},"6":{"name":"(anonymous_6)","decl":{"start":{"line":35,"column":58},"end":{"line":35,"column":59}},"loc":{"start":{"line":35,"column":69},"end":{"line":43,"column":1}},"line":35},"7":{"name":"(anonymous_7)","decl":{"start":{"line":38,"column":10},"end":{"line":38,"column":11}},"loc":{"start":{"line":38,"column":19},"end":{"line":40,"column":5}},"line":38},"8":{"name":"(anonymous_8)","decl":{"start":{"line":40,"column":13},"end":{"line":40,"column":14}},"loc":{"start":{"line":40,"column":21},"end":{"line":42,"column":3}},"line":40},"9":{"name":"(anonymous_9)","decl":{"start":{"line":45,"column":61},"end":{"line":45,"column":62}},"loc":{"start":{"line":45,"column":72},"end":{"line":52,"column":1}},"line":45},"10":{"name":"(anonymous_10)","decl":{"start":{"line":47,"column":56},"end":{"line":47,"column":57}},"loc":{"start":{"line":47,"column":65},"end":{"line":49,"column":3}},"line":47},"11":{"name":"(anonymous_11)","decl":{"start":{"line":49,"column":11},"end":{"line":49,"column":12}},"loc":{"start":{"line":49,"column":19},"end":{"line":51,"column":3}},"line":49},"12":{"name":"(anonymous_12)","decl":{"start":{"line":54,"column":17},"end":{"line":54,"column":18}},"loc":{"start":{"line":54,"column":23},"end":{"line":56,"column":1}},"line":54}},"branchMap":{},"s":{"0":1,"1":1,"2":1,"3":1,"4":1,"5":1,"6":1,"7":1,"8":1,"9":2,"10":2,"11":2,"12":0,"13":1,"14":1,"15":1,"16":1,"17":1,"18":0,"19":1,"20":1,"21":1,"22":0,"23":1,"24":1,"25":0,"26":0,"27":0,"28":0,"29":1,"30":1,"31":1},"f":{"0":2,"1":2,"2":0,"3":1,"4":1,"5":0,"6":1,"7":0,"8":1,"9":0,"10":0,"11":0,"12":1},"b":{},"_coverageSchema":"1a1c01bbd47fc00a2c39e90264f33305004495a9","hash":"84e6b4fda4cd27c23fcb17b70c1e9d9bb3650f09"}
}
